This is pdfTeX, Version 3.14159265-2.6-1.40.18 (TeX Live 2017) (preloaded format=pdflatex 2018.4.6)  18 SEP 2018 11:28
entering extended mode
 restricted \write18 enabled.
 file:line:error style messages enabled.
 %&-line parsing enabled.
**Fig_2.tex
(./Fig_2.tex
LaTeX2e <2017-04-15>
Babel <3.10> and hyphenation patterns for 84 language(s) loaded.
(/usr/local/texlive/2017/texmf-dist/tex/latex/base/article.cls
Document Class: article 2014/09/29 v1.4h Standard LaTeX document class
(/usr/local/texlive/2017/texmf-dist/tex/latex/base/size10.clo
File: size10.clo 2014/09/29 v1.4h Standard LaTeX file (size option)
)
\c@part=\count79
\c@section=\count80
\c@subsection=\count81
\c@subsubsection=\count82
\c@paragraph=\count83
\c@subparagraph=\count84
\c@figure=\count85
\c@table=\count86
\abovecaptionskip=\skip41
\belowcaptionskip=\skip42
\bibindent=\dimen102
)
(/usr/local/texlive/2017/texmf-dist/tex/latex/caption/subcaption.sty
Package: subcaption 2016/05/22 v1.1-161 Sub-captions (AR)

(/usr/local/texlive/2017/texmf-dist/tex/latex/caption/caption.sty
Package: caption 2016/02/21 v3.3-144 Customizing captions (AR)

(/usr/local/texlive/2017/texmf-dist/tex/latex/caption/caption3.sty
Package: caption3 2016/05/22 v1.7-166 caption3 kernel (AR)
Package caption3 Info: TeX engine: e-TeX on input line 67.

(/usr/local/texlive/2017/texmf-dist/tex/latex/graphics/keyval.sty
Package: keyval 2014/10/28 v1.15 key=value parser (DPC)
\KV@toks@=\toks14
)
\captionmargin=\dimen103
\captionmargin@=\dimen104
\captionwidth=\dimen105
\caption@tempdima=\dimen106
\caption@indent=\dimen107
\caption@parindent=\dimen108
\caption@hangindent=\dimen109
)
\c@ContinuedFloat=\count87
)
\c@subfigure=\count88
\c@subtable=\count89
)
(/usr/local/texlive/2017/texmf-dist/tex/latex/graphics/graphicx.sty
Package: graphicx 2014/10/28 v1.0g Enhanced LaTeX Graphics (DPC,SPQR)

(/usr/local/texlive/2017/texmf-dist/tex/latex/graphics/graphics.sty
Package: graphics 2017/04/14 v1.1b Standard LaTeX Graphics (DPC,SPQR)

(/usr/local/texlive/2017/texmf-dist/tex/latex/graphics/trig.sty
Package: trig 2016/01/03 v1.10 sin cos tan (DPC)
)
(/usr/local/texlive/2017/texmf-dist/tex/latex/graphics-cfg/graphics.cfg
File: graphics.cfg 2016/06/04 v1.11 sample graphics configuration
)
Package graphics Info: Driver file: pdftex.def on input line 99.

(/usr/local/texlive/2017/texmf-dist/tex/latex/graphics-def/pdftex.def
File: pdftex.def 2017/01/12 v0.06k Graphics/color for pdfTeX

(/usr/local/texlive/2017/texmf-dist/tex/generic/oberdiek/infwarerr.sty
Package: infwarerr 2016/05/16 v1.4 Providing info/warning/error messages (HO)
)
(/usr/local/texlive/2017/texmf-dist/tex/generic/oberdiek/ltxcmds.sty
Package: ltxcmds 2016/05/16 v1.23 LaTeX kernel commands for general use (HO)
)
\Gread@gobject=\count90
))
\Gin@req@height=\dimen110
\Gin@req@width=\dimen111
)
(/usr/local/texlive/2017/texmf-dist/tex/latex/geometry/geometry.sty
Package: geometry 2010/09/12 v5.6 Page Geometry

(/usr/local/texlive/2017/texmf-dist/tex/generic/oberdiek/ifpdf.sty
Package: ifpdf 2017/03/15 v3.2 Provides the ifpdf switch
)
(/usr/local/texlive/2017/texmf-dist/tex/generic/oberdiek/ifvtex.sty
Package: ifvtex 2016/05/16 v1.6 Detect VTeX and its facilities (HO)
Package ifvtex Info: VTeX not detected.
)
(/usr/local/texlive/2017/texmf-dist/tex/generic/ifxetex/ifxetex.sty
Package: ifxetex 2010/09/12 v0.6 Provides ifxetex conditional
)
\Gm@cnth=\count91
\Gm@cntv=\count92
\c@Gm@tempcnt=\count93
\Gm@bindingoffset=\dimen112
\Gm@wd@mp=\dimen113
\Gm@odd@mp=\dimen114
\Gm@even@mp=\dimen115
\Gm@layoutwidth=\dimen116
\Gm@layoutheight=\dimen117
\Gm@layouthoffset=\dimen118
\Gm@layoutvoffset=\dimen119
\Gm@dimlist=\toks15
)
No file Fig_2.aux.
\openout1 = `Fig_2.aux'.

LaTeX Font Info:    Checking defaults for OML/cmm/m/it on input line 14.
LaTeX Font Info:    ... okay on input line 14.
LaTeX Font Info:    Checking defaults for T1/cmr/m/n on input line 14.
LaTeX Font Info:    ... okay on input line 14.
LaTeX Font Info:    Checking defaults for OT1/cmr/m/n on input line 14.
LaTeX Font Info:    ... okay on input line 14.
LaTeX Font Info:    Checking defaults for OMS/cmsy/m/n on input line 14.
LaTeX Font Info:    ... okay on input line 14.
LaTeX Font Info:    Checking defaults for OMX/cmex/m/n on input line 14.
LaTeX Font Info:    ... okay on input line 14.
LaTeX Font Info:    Checking defaults for U/cmr/m/n on input line 14.
LaTeX Font Info:    ... okay on input line 14.
Package caption Info: Begin \AtBeginDocument code.
Package caption Info: End \AtBeginDocument code.
(/usr/local/texlive/2017/texmf-dist/tex/context/base/mkii/supp-pdf.mkii
[Loading MPS to PDF converter (version 2006.09.02).]
\scratchcounter=\count94
\scratchdimen=\dimen120
\scratchbox=\box26
\nofMPsegments=\count95
\nofMParguments=\count96
\everyMPshowfont=\toks16
\MPscratchCnt=\count97
\MPscratchDim=\dimen121
\MPnumerator=\count98
\makeMPintoPDFobject=\count99
\everyMPtoPDFconversion=\toks17
) (/usr/local/texlive/2017/texmf-dist/tex/generic/oberdiek/pdftexcmds.sty
Package: pdftexcmds 2017/03/19 v0.25 Utility functions of pdfTeX for LuaTeX (HO
)

(/usr/local/texlive/2017/texmf-dist/tex/generic/oberdiek/ifluatex.sty
Package: ifluatex 2016/05/16 v1.4 Provides the ifluatex switch (HO)
Package ifluatex Info: LuaTeX not detected.
)
Package pdftexcmds Info: LuaTeX not detected.
Package pdftexcmds Info: \pdf@primitive is available.
Package pdftexcmds Info: \pdf@ifprimitive is available.
Package pdftexcmds Info: \pdfdraftmode found.
)
(/usr/local/texlive/2017/texmf-dist/tex/latex/oberdiek/epstopdf-base.sty
Package: epstopdf-base 2016/05/15 v2.6 Base part for package epstopdf

(/usr/local/texlive/2017/texmf-dist/tex/latex/oberdiek/grfext.sty
Package: grfext 2016/05/16 v1.2 Manage graphics extensions (HO)

(/usr/local/texlive/2017/texmf-dist/tex/generic/oberdiek/kvdefinekeys.sty
Package: kvdefinekeys 2016/05/16 v1.4 Define keys (HO)
))
(/usr/local/texlive/2017/texmf-dist/tex/latex/oberdiek/kvoptions.sty
Package: kvoptions 2016/05/16 v3.12 Key value format for package options (HO)

(/usr/local/texlive/2017/texmf-dist/tex/generic/oberdiek/kvsetkeys.sty
Package: kvsetkeys 2016/05/16 v1.17 Key value parser (HO)

(/usr/local/texlive/2017/texmf-dist/tex/generic/oberdiek/etexcmds.sty
Package: etexcmds 2016/05/16 v1.6 Avoid name clashes with e-TeX commands (HO)
Package etexcmds Info: Could not find \expanded.
(etexcmds)             That can mean that you are not using pdfTeX 1.50 or
(etexcmds)             that some package has redefined \expanded.
(etexcmds)             In the latter case, load this package earlier.
)))
Package epstopdf-base Info: Redefining graphics rule for `.eps' on input line 4
38.
Package grfext Info: Graphics extension search list:
(grfext)             [.png,.pdf,.jpg,.mps,.jpeg,.jbig2,.jb2,.PNG,.PDF,.JPG,.JPE
G,.JBIG2,.JB2,.eps]
(grfext)             \AppendGraphicsExtensions on input line 456.

(/usr/local/texlive/2017/texmf-dist/tex/latex/latexconfig/epstopdf-sys.cfg
File: epstopdf-sys.cfg 2010/07/13 v1.3 Configuration of (r)epstopdf for TeX Liv
e
))
*geometry* driver: auto-detecting
*geometry* detected driver: pdftex
*geometry* verbose mode - [ preamble ] result:
* driver: pdftex
* paper: a4paper
* layout: <same size as paper>
* layoutoffset:(h,v)=(0.0pt,0.0pt)
* modes: 
* h-part:(L,W,R)=(0.0pt, 507.88078pt, 89.62709pt)
* v-part:(T,H,B)=(0.0pt, 743.6402pt, 101.40665pt)
* \paperwidth=597.50787pt
* \paperheight=845.04684pt
* \textwidth=507.88078pt
* \textheight=743.6402pt
* \oddsidemargin=-72.26999pt
* \evensidemargin=-72.26999pt
* \topmargin=-109.26999pt
* \headheight=12.0pt
* \headsep=25.0pt
* \topskip=10.0pt
* \footskip=30.0pt
* \marginparwidth=65.0pt
* \marginparsep=11.0pt
* \columnsep=10.0pt
* \skip\footins=9.0pt plus 4.0pt minus 2.0pt
* \hoffset=0.0pt
* \voffset=0.0pt
* \mag=1000
* \@twocolumnfalse
* \@twosidefalse
* \@mparswitchfalse
* \@reversemarginfalse
* (1in=72.27pt=25.4mm, 1cm=28.453pt)

LaTeX Font Info:    External font `cmex10' loaded for size
(Font)              <9> on input line 21.
LaTeX Font Info:    External font `cmex10' loaded for size
(Font)              <6> on input line 21.
LaTeX Font Info:    External font `cmex10' loaded for size
(Font)              <5> on input line 21.

<../Separate_figures/OBSERVATIONS/surface_p_an.png, id=1, 246.64624pt x 125.312
2pt>
File: ../Separate_figures/OBSERVATIONS/surface_p_an.png Graphic file (type png)

 <use ../Separate_figures/OBSERVATIONS/surface_p_an.png>
Package pdftex.def Info: ../Separate_figures/OBSERVATIONS/surface_p_an.png used
 on input line 22.
(pdftex.def)             Requested size: 159.22098pt x 80.89552pt.
LaTeX Font Info:    External font `cmex10' loaded for size
(Font)              <7> on input line 23.

<../Separate_figures/BIOGEM/ocn_PO4.png, id=3, 369.38pt x 185.69376pt>
File: ../Separate_figures/BIOGEM/ocn_PO4.png Graphic file (type png)

<use ../Separate_figures/BIOGEM/ocn_PO4.png>
Package pdftex.def Info: ../Separate_figures/BIOGEM/ocn_PO4.png used on input l
ine 26.
(pdftex.def)             Requested size: 159.22098pt x 80.04225pt.

<../Separate_figures/ECOGEM/ocn_PO4.png, id=4, 369.38pt x 185.69376pt>
File: ../Separate_figures/ECOGEM/ocn_PO4.png Graphic file (type png)

<use ../Separate_figures/ECOGEM/ocn_PO4.png>
Package pdftex.def Info: ../Separate_figures/ECOGEM/ocn_PO4.png used on input l
ine 30.
(pdftex.def)             Requested size: 159.22098pt x 80.04225pt.

<../Separate_figures/ECOGEM/ocn_PO4_clrbr.png, id=5, 394.47375pt x 34.1275pt>
File: ../Separate_figures/ECOGEM/ocn_PO4_clrbr.png Graphic file (type png)

<use ../Separate_figures/ECOGEM/ocn_PO4_clrbr.png>
Package pdftex.def Info: ../Separate_figures/ECOGEM/ocn_PO4_clrbr.png used on i
nput line 34.
(pdftex.def)             Requested size: 241.24258pt x 20.87083pt.

<../Separate_figures/OBSERVATIONS/surface_fe.png, id=6, 246.64624pt x 125.97523
pt>
File: ../Separate_figures/OBSERVATIONS/surface_fe.png Graphic file (type png)
 <use ../Separate_figures/OBSERVATIONS/surface_fe.png>
Package pdftex.def Info: ../Separate_figures/OBSERVATIONS/surface_fe.png used o
n input line 39.
(pdftex.def)             Requested size: 159.22098pt x 81.32355pt.

<../Separate_figures/BIOGEM/ocn_TDFe.png, id=7, 369.38pt x 186.6975pt>
File: ../Separate_figures/BIOGEM/ocn_TDFe.png Graphic file (type png)

<use ../Separate_figures/BIOGEM/ocn_TDFe.png>
Package pdftex.def Info: ../Separate_figures/BIOGEM/ocn_TDFe.png used on input 
line 43.
(pdftex.def)             Requested size: 159.22098pt x 80.47491pt.

<../Separate_figures/ECOGEM/ocn_TDFe.png, id=8, 369.38pt x 186.6975pt>
File: ../Separate_figures/ECOGEM/ocn_TDFe.png Graphic file (type png)

<use ../Separate_figures/ECOGEM/ocn_TDFe.png>
Package pdftex.def Info: ../Separate_figures/ECOGEM/ocn_TDFe.png used on input 
line 47.
(pdftex.def)             Requested size: 159.22098pt x 80.47491pt.

<../Separate_figures/ECOGEM/ocn_TDFe_clrbr.png, id=9, 393.47pt x 48.18pt>
File: ../Separate_figures/ECOGEM/ocn_TDFe_clrbr.png Graphic file (type png)

<use ../Separate_figures/ECOGEM/ocn_TDFe_clrbr.png>
Package pdftex.def Info: ../Separate_figures/ECOGEM/ocn_TDFe_clrbr.png used on 
input line 51.
(pdftex.def)             Requested size: 241.24258pt x 29.5397pt.
 [1

{/usr/local/texlive/2017/texmf-var/fonts/map/pdftex/updmap/pdftex.map} <../Sepa
rate_figures/OBSERVATIONS/surface_p_an.png> <../Separate_figures/BIOGEM/ocn_PO4
.png> <../Separate_figures/ECOGEM/ocn_PO4.png> <../Separate_figures/ECOGEM/ocn_
PO4_clrbr.png> <../Separate_figures/OBSERVATIONS/surface_fe.png> <../Separate_f
igures/BIOGEM/ocn_TDFe.png> <../Separate_figures/ECOGEM/ocn_TDFe.png> <../Separ
ate_figures/ECOGEM/ocn_TDFe_clrbr.png>] (./Fig_2.aux) ) 
Here is how much of TeX's memory you used:
 3124 strings out of 492995
 50439 string characters out of 6132705
 108478 words of memory out of 5000000
 6663 multiletter control sequences out of 15000+600000
 5771 words of font info for 21 fonts, out of 8000000 for 9000
 1141 hyphenation exceptions out of 8191
 42i,7n,40p,313b,474s stack positions out of 5000i,500n,10000p,200000b,80000s
</usr/local/texlive/2017
/texmf-dist/fonts/type1/public/amsfonts/cm/cmbx9.pfb></usr/local/texlive/2017/t
exmf-dist/fonts/type1/public/amsfonts/cm/cmr10.pfb></usr/local/texlive/2017/tex
mf-dist/fonts/type1/public/amsfonts/cm/cmr6.pfb></usr/local/texlive/2017/texmf-
dist/fonts/type1/public/amsfonts/cm/cmr9.pfb>
Output written on Fig_2.pdf (1 page, 179186 bytes).
PDF statistics:
 41 PDF objects out of 1000 (max. 8388607)
 17 compressed objects within 1 object stream
 0 named destinations out of 1000 (max. 500000)
 41 words of extra memory for PDF output out of 10000 (max. 10000000)

